  Checking Build System
  CMake does not need to re-run because D:/Users/papagian/Development/Opengl/build/CMakeFiles/generate.stamp is up-to-date.
  CMake does not need to re-run because D:/Users/papagian/Development/Opengl/build/libraries/glfw-3.2.1/CMakeFiles/generate.stamp is up-to-date.
  CMake does not need to re-run because D:/Users/papagian/Development/Opengl/build/libraries/glfw-3.2.1/src/CMakeFiles/generate.stamp is up-to-date.
  CMake does not need to re-run because D:/Users/papagian/Development/Opengl/build/libraries/glfw-3.2.1/examples/CMakeFiles/generate.stamp is up-to-date.
  CMake does not need to re-run because D:/Users/papagian/Development/Opengl/build/libraries/glfw-3.2.1/tests/CMakeFiles/generate.stamp is up-to-date.
  CMake does not need to re-run because D:/Users/papagian/Development/Opengl/build/libraries/glad-master/CMakeFiles/generate.stamp is up-to-date.
  CMake is re-running because D:/Users/papagian/Development/Opengl/build/projects/CMakeFiles/generate.stamp is out-of-date.
    the file 'D:/Users/papagian/Development/Opengl/projects/CMakeLists.txt'
    is newer than 'D:/Users/papagian/Development/Opengl/build/projects/CMakeFiles/generate.stamp.depend'
    result='-1'
  -- Could NOT find Vulkan (missing:  VULKAN_LIBRARY VULKAN_INCLUDE_DIR) 
  -- Could NOT find Doxygen (missing:  DOXYGEN_EXECUTABLE) 
  -- Using Win32 for window creation
  -- project: testing, source: D:/Users/papagian/Development/Opengl/projects/src/testing.cpp
  -- project: hello_triangle, source: D:/Users/papagian/Development/Opengl/projects/src/Hello_triangle.cpp
  -- project: Shaders, source: D:/Users/papagian/Development/Opengl/projects/src/Shaders.cpp
  -- project: Shaders_b, source: D:/Users/papagian/Development/Opengl/projects/src/Shader_with_class.cpp
  -- found project Shaders_bD:/Users/papagian/Development/Opengl/projects/include
  -- Configuring done
  -- Generating done
  -- Build files have been written to: D:/Users/papagian/Development/Opengl/build
